<?xml version="1.0" encoding="UTF-8"?>
<!-- Generated by org.testng.reporters.JUnitReportReporter -->
<testsuite skipped="3" hostname="DESKTOP-NVCUVC3" name="tests.Fab_specs" tests="4" failures="0" timestamp="19 Aug 2017 16:08:33 GMT" time="114.656" errors="1">
  <testcase name="SearchFormScreenCount" time="114.656" classname="tests.Fab_specs">
    <error type="org.openqa.selenium.WebDriverException" message="An unknown server-side error occurred while processing the command. (WARNING: The server did not provide any stacktrace information)
Command duration or timeout: 243 milliseconds
Build info: version: &#039;3.4.0&#039;, revision: &#039;unknown&#039;, time: &#039;unknown&#039;
System info: host: &#039;DESKTOP-NVCUVC3&#039;, ip: &#039;192.168.56.1&#039;, os.name: &#039;Windows 10&#039;, os.arch: &#039;amd64&#039;, os.version: &#039;10.0&#039;, java.version: &#039;1.8.0_101&#039;
Driver info: io.appium.java_client.android.AndroidDriver
Capabilities [{app=C:\Users\Pankaj\Desktop\eclipse workspace\FabHotels\Apps\FabHotels.apk, appPackage=com.fabhotels.guests, deviceScreenSize=1080x1920, networkConnectionEnabled=true, warnings={}, databaseEnabled=false, deviceName=2ce1b4da, platform=LINUX, deviceUDID=2ce1b4da, appActivity=app.fabhotels.MainActivity, desired={app=C:\Users\Pankaj\Desktop\eclipse workspace\FabHotels\Apps\FabHotels.apk, appPackage=com.fabhotels.guests, appActivity=app.fabhotels.MainActivity, newCommandTimeout=10, platformVersion=6.0, platformName=Android, deviceName=9fc26a437d14}, newCommandTimeout=10, platformVersion=6.0.1, webStorageEnabled=false, locationContextEnabled=false, takesScreenshot=true, javascriptEnabled=true, deviceModel=Redmi Note 3, platformName=Android, deviceManufacturer=Xiaomi}]
Session ID: aac38ae1-5724-4788-b1ef-bcad1c0a794a">
      <![CDATA[org.openqa.selenium.WebDriverException: An unknown server-side error occurred while processing the command. (WARNING: The server did not provide any stacktrace information)
Command duration or timeout: 243 milliseconds
Build info: version: '3.4.0', revision: 'unknown', time: 'unknown'
System info: host: 'DESKTOP-NVCUVC3', ip: '192.168.56.1', os.name: 'Windows 10', os.arch: 'amd64', os.version: '10.0', java.version: '1.8.0_101'
Driver info: io.appium.java_client.android.AndroidDriver
Capabilities [{app=C:\Users\Pankaj\Desktop\eclipse workspace\FabHotels\Apps\FabHotels.apk, appPackage=com.fabhotels.guests, deviceScreenSize=1080x1920, networkConnectionEnabled=true, warnings={}, databaseEnabled=false, deviceName=2ce1b4da, platform=LINUX, deviceUDID=2ce1b4da, appActivity=app.fabhotels.MainActivity, desired={app=C:\Users\Pankaj\Desktop\eclipse workspace\FabHotels\Apps\FabHotels.apk, appPackage=com.fabhotels.guests, appActivity=app.fabhotels.MainActivity, newCommandTimeout=10, platformVersion=6.0, platformName=Android, deviceName=9fc26a437d14}, newCommandTimeout=10, platformVersion=6.0.1, webStorageEnabled=false, locationContextEnabled=false, takesScreenshot=true, javascriptEnabled=true, deviceModel=Redmi Note 3, platformName=Android, deviceManufacturer=Xiaomi}]
Session ID: aac38ae1-5724-4788-b1ef-bcad1c0a794a
	at sun.reflect.NativeConstructorAccessorImpl.newInstance0(Native Method)
	at sun.reflect.NativeConstructorAccessorImpl.newInstance(Unknown Source)
	at sun.reflect.DelegatingConstructorAccessorImpl.newInstance(Unknown Source)
	at java.lang.reflect.Constructor.newInstance(Unknown Source)
	at org.openqa.selenium.remote.ErrorHandler.createThrowable(ErrorHandler.java:215)
	at org.openqa.selenium.remote.ErrorHandler.throwIfResponseFailed(ErrorHandler.java:167)
	at org.openqa.selenium.remote.RemoteWebDriver.execute(RemoteWebDriver.java:671)
	at io.appium.java_client.DefaultGenericMobileDriver.execute(DefaultGenericMobileDriver.java:42)
	at io.appium.java_client.AppiumDriver.execute(AppiumDriver.java:1)
	at io.appium.java_client.android.AndroidDriver.execute(AndroidDriver.java:1)
	at io.appium.java_client.PerformsTouchActions.performTouchAction(PerformsTouchActions.java:39)
	at io.appium.java_client.TouchAction.perform(TouchAction.java:381)
	at io.appium.java_client.android.AndroidDriver.swipe(AndroidDriver.java:160)
	at utils.GestureActions.swipeVerticle(GestureActions.java:19)
	at tests.Fab_specs.SearchFormScreenCount(Fab_specs.java:129)
	at sun.reflect.NativeMethodAccessorImpl.invoke0(Native Method)
	at sun.reflect.NativeMethodAccessorImpl.invoke(Unknown Source)
	at sun.reflect.DelegatingMethodAccessorImpl.invoke(Unknown Source)
	at java.lang.reflect.Method.invoke(Unknown Source)
	at org.testng.internal.MethodInvocationHelper.invokeMethod(MethodInvocationHelper.java:108)
	at org.testng.internal.Invoker.invokeMethod(Invoker.java:661)
	at org.testng.internal.Invoker.invokeTestMethod(Invoker.java:869)
	at org.testng.internal.Invoker.invokeTestMethods(Invoker.java:1193)
	at org.testng.internal.TestMethodWorker.invokeTestMethods(TestMethodWorker.java:126)
	at org.testng.internal.TestMethodWorker.run(TestMethodWorker.java:109)
	at org.testng.TestRunner.privateRun(TestRunner.java:744)
	at org.testng.TestRunner.run(TestRunner.java:602)
	at org.testng.SuiteRunner.runTest(SuiteRunner.java:380)
	at org.testng.SuiteRunner.runSequentially(SuiteRunner.java:375)
	at org.testng.SuiteRunner.privateRun(SuiteRunner.java:340)
	at org.testng.SuiteRunner.run(SuiteRunner.java:289)
	at org.testng.SuiteRunnerWorker.runSuite(SuiteRunnerWorker.java:52)
	at org.testng.SuiteRunnerWorker.run(SuiteRunnerWorker.java:86)
	at org.testng.TestNG.runSuitesSequentially(TestNG.java:1301)
	at org.testng.TestNG.runSuitesLocally(TestNG.java:1226)
	at org.testng.TestNG.runSuites(TestNG.java:1144)
	at org.testng.TestNG.run(TestNG.java:1115)
	at org.testng.remote.AbstractRemoteTestNG.run(AbstractRemoteTestNG.java:132)
	at org.testng.remote.RemoteTestNG.initAndRun(RemoteTestNG.java:230)
	at org.testng.remote.RemoteTestNG.main(RemoteTestNG.java:76)
]]>
    </error>
  </testcase> <!-- SearchFormScreenCount -->
  <testcase name="countLocalitiesAndHotels" classname="tests.Fab_specs">
    <skipped/>
  </testcase> <!-- countLocalitiesAndHotels -->
  <testcase name="verifyContactNumber" classname="tests.Fab_specs">
    <skipped/>
  </testcase> <!-- verifyContactNumber -->
  <testcase name="verifyCoupon" classname="tests.Fab_specs">
    <skipped/>
  </testcase> <!-- verifyCoupon -->
</testsuite> <!-- tests.Fab_specs -->
